  main.cpp
C:\Users\anhla\source\repos\GAME\GAME\main.cpp(9,13): warning C4566: character represented by universal-character-name '\u2554' cannot be represented in the current code page (1252)
C:\Users\anhla\source\repos\GAME\GAME\main.cpp(9,13): warning C4566: character represented by universal-character-name '\u2550' cannot be represented in the current code page (1252)
C:\Users\anhla\source\repos\GAME\GAME\main.cpp(9,13): warning C4566: character represented by universal-character-name '\u2557' cannot be represented in the current code page (1252)
C:\Users\anhla\source\repos\GAME\GAME\main.cpp(10,13): warning C4566: character represented by universal-character-name '\u2551' cannot be represented in the current code page (1252)
C:\Users\anhla\source\repos\GAME\GAME\main.cpp(10,44): warning C4566: character represented by universal-character-name '\u2551' cannot be represented in the current code page (1252)
C:\Users\anhla\source\repos\GAME\GAME\main.cpp(10,82): warning C4566: character represented by universal-character-name '\u2551' cannot be represented in the current code page (1252)
C:\Users\anhla\source\repos\GAME\GAME\main.cpp(11,13): warning C4566: character represented by universal-character-name '\u2560' cannot be represented in the current code page (1252)
C:\Users\anhla\source\repos\GAME\GAME\main.cpp(11,13): warning C4566: character represented by universal-character-name '\u2550' cannot be represented in the current code page (1252)
C:\Users\anhla\source\repos\GAME\GAME\main.cpp(11,13): warning C4566: character represented by universal-character-name '\u256C' cannot be represented in the current code page (1252)
C:\Users\anhla\source\repos\GAME\GAME\main.cpp(11,13): warning C4566: character represented by universal-character-name '\u2563' cannot be represented in the current code page (1252)
C:\Users\anhla\source\repos\GAME\GAME\main.cpp(13,13): warning C4566: character represented by universal-character-name '\u255A' cannot be represented in the current code page (1252)
C:\Users\anhla\source\repos\GAME\GAME\main.cpp(13,13): warning C4566: character represented by universal-character-name '\u2550' cannot be represented in the current code page (1252)
C:\Users\anhla\source\repos\GAME\GAME\main.cpp(13,13): warning C4566: character represented by universal-character-name '\u255D' cannot be represented in the current code page (1252)
  Generating code
  0 of 1497 functions ( 0.0%) were compiled, the rest were copied from previous compilation.
    0 functions were new in current compilation
    0 functions had inline decision re-evaluated but remain unchanged
  Finished generating code
  GAME.vcxproj -> C:\Users\anhla\source\repos\GAME\x64\Release\GAME.exe
